This is pdfTeX, Version 3.141592653-2.6-1.40.22 (TeX Live 2021) (preloaded format=latex 2021.7.5)  1 SEP 2022 13:46
entering extended mode
 restricted \write18 enabled.
 %&-line parsing enabled.
**_formulas.tex
(./_formulas.tex
LaTeX2e <2020-10-01> patch level 4
L3 programming layer <2021-02-18> (/opt/texlive/2021/texmf-dist/tex/latex/base/
article.cls
Document Class: article 2020/04/10 v1.4m Standard LaTeX document class
(/opt/texlive/2021/texmf-dist/tex/latex/base/size10.clo
File: size10.clo 2020/04/10 v1.4m Standard LaTeX file (size option)
)
\c@part=\count179
\c@section=\count180
\c@subsection=\count181
\c@subsubsection=\count182
\c@paragraph=\count183
\c@subparagraph=\count184
\c@figure=\count185
\c@table=\count186
\abovecaptionskip=\skip47
\belowcaptionskip=\skip48
\bibindent=\dimen138
) (/opt/texlive/2021/texmf-dist/tex/latex/base/ifthen.sty
Package: ifthen 2014/09/29 v1.1c Standard LaTeX ifthen package (DPC)
) (/opt/texlive/2021/texmf-dist/tex/latex/graphics/epsfig.sty
Package: epsfig 2017/06/25 v1.7b (e)psfig emulation (SPQR)
(/opt/texlive/2021/texmf-dist/tex/latex/graphics/graphicx.sty
Package: graphicx 2020/09/09 v1.2b Enhanced LaTeX Graphics (DPC,SPQR)
(/opt/texlive/2021/texmf-dist/tex/latex/graphics/keyval.sty
Package: keyval 2014/10/28 v1.15 key=value parser (DPC)
\KV@toks@=\toks15
) (/opt/texlive/2021/texmf-dist/tex/latex/graphics/graphics.sty
Package: graphics 2020/08/30 v1.4c Standard LaTeX Graphics (DPC,SPQR)
(/opt/texlive/2021/texmf-dist/tex/latex/graphics/trig.sty
Package: trig 2016/01/03 v1.10 sin cos tan (DPC)
) (/opt/texlive/2021/texmf-dist/tex/latex/graphics-cfg/graphics.cfg
File: graphics.cfg 2016/06/04 v1.11 sample graphics configuration
)
Package graphics Info: Driver file: dvips.def on input line 105.
(/opt/texlive/2021/texmf-dist/tex/latex/graphics-def/dvips.def
File: dvips.def 2017/06/20 v3.1d Graphics/color driver for dvips
))
\Gin@req@height=\dimen139
\Gin@req@width=\dimen140
)
\epsfxsize=\dimen141
\epsfysize=\dimen142
) (/opt/texlive/2021/texmf-dist/tex/latex/base/inputenc.sty
Package: inputenc 2020/08/01 v1.3d Input encoding file
\inpenc@prehook=\toks16
\inpenc@posthook=\toks17
) (/opt/texlive/2021/texmf-dist/tex/latex/amsmath/amsmath.sty
Package: amsmath 2020/09/23 v2.17i AMS math features
\@mathmargin=\skip49
For additional information on amsmath, use the `?' option.
(/opt/texlive/2021/texmf-dist/tex/latex/amsmath/amstext.sty
Package: amstext 2000/06/29 v2.01 AMS text
(/opt/texlive/2021/texmf-dist/tex/latex/amsmath/amsgen.sty
File: amsgen.sty 1999/11/30 v2.0 generic functions
\@emptytoks=\toks18
\ex@=\dimen143
)) (/opt/texlive/2021/texmf-dist/tex/latex/amsmath/amsbsy.sty
Package: amsbsy 1999/11/29 v1.2d Bold Symbols
\pmbraise@=\dimen144
) (/opt/texlive/2021/texmf-dist/tex/latex/amsmath/amsopn.sty
Package: amsopn 2016/03/08 v2.02 operator names
)
\inf@bad=\count187
LaTeX Info: Redefining \frac on input line 234.
\uproot@=\count188
\leftroot@=\count189
LaTeX Info: Redefining \overline on input line 399.
\classnum@=\count190
\DOTSCASE@=\count191
LaTeX Info: Redefining \ldots on input line 496.
LaTeX Info: Redefining \dots on input line 499.
LaTeX Info: Redefining \cdots on input line 620.
\Mathstrutbox@=\box47
\strutbox@=\box48
\big@size=\dimen145
LaTeX Font Info:    Redeclaring font encoding OML on input line 743.
LaTeX Font Info:    Redeclaring font encoding OMS on input line 744.
\macc@depth=\count192
\c@MaxMatrixCols=\count193
\dotsspace@=\muskip16
\c@parentequation=\count194
\dspbrk@lvl=\count195
\tag@help=\toks19
\row@=\count196
\column@=\count197
\maxfields@=\count198
\andhelp@=\toks20
\eqnshift@=\dimen146
\alignsep@=\dimen147
\tagshift@=\dimen148
\tagwidth@=\dimen149
\totwidth@=\dimen150
\lineht@=\dimen151
\@envbody=\toks21
\multlinegap=\skip50
\multlinetaggap=\skip51
\mathdisplay@stack=\toks22
LaTeX Info: Redefining \[ on input line 2923.
LaTeX Info: Redefining \] on input line 2924.
) (/opt/texlive/2021/texmf-dist/tex/latex/amsfonts/amsfonts.sty
Package: amsfonts 2013/01/14 v3.01 Basic AMSFonts support
\symAMSa=\mathgroup4
\symAMSb=\mathgroup5
LaTeX Font Info:    Redeclaring math symbol \hbar on input line 98.
LaTeX Font Info:    Overwriting math alphabet `\mathfrak' in version `bold'
(Font)                  U/euf/m/n --> U/euf/b/n on input line 106.
) (/opt/texlive/2021/texmf-dist/tex/latex/amsfonts/amssymb.sty
Package: amssymb 2013/01/14 v3.01 AMS font symbols
) (/opt/texlive/2021/texmf-dist/tex/latex/amscls/amsthm.sty
Package: amsthm 2020/05/29 v2.20.6
\thm@style=\toks23
\thm@bodyfont=\toks24
\thm@headfont=\toks25
\thm@notefont=\toks26
\thm@headpunct=\toks27
\thm@preskip=\skip52
\thm@postskip=\skip53
\thm@headsep=\skip54
\dth@everypar=\toks28
) (/opt/texlive/2021/texmf-dist/tex/latex/newunicodechar/newunicodechar.sty
Package: newunicodechar 2018/04/08 v1.2 Defining Unicode characters
)

Package newunicodechar Warning: Redefining Unicode character on input line 13.


Package newunicodechar Warning: Redefining Unicode character on input line 14.

(/opt/texlive/2021/texmf-dist/tex/latex/l3backend/l3backend-dvips.def
File: l3backend-dvips.def 2021-03-18 L3 backend support: dvips
\l__pdf_internal_box=\box49
\g__pdf_backend_object_int=\count199
\l__pdf_backend_content_box=\box50
\l__pdf_backend_model_box=\box51
\g__pdf_backend_annotation_int=\count266
\g__pdf_backend_link_int=\count267
\g__pdf_backend_link_sf_int=\count268
)
No file _formulas.aux.
\openout1 = `_formulas.aux'.

LaTeX Font Info:    Checking defaults for OML/cmm/m/it on input line 17.
LaTeX Font Info:    ... okay on input line 17.
LaTeX Font Info:    Checking defaults for OMS/cmsy/m/n on input line 17.
LaTeX Font Info:    ... okay on input line 17.
LaTeX Font Info:    Checking defaults for OT1/cmr/m/n on input line 17.
LaTeX Font Info:    ... okay on input line 17.
LaTeX Font Info:    Checking defaults for T1/cmr/m/n on input line 17.
LaTeX Font Info:    ... okay on input line 17.
LaTeX Font Info:    Checking defaults for TS1/cmr/m/n on input line 17.
LaTeX Font Info:    ... okay on input line 17.
LaTeX Font Info:    Checking defaults for OMX/cmex/m/n on input line 17.
LaTeX Font Info:    ... okay on input line 17.
LaTeX Font Info:    Checking defaults for U/cmr/m/n on input line 17.
LaTeX Font Info:    ... okay on input line 17.
LaTeX Font Info:    Trying to load font information for U+msa on input line 18.

(/opt/texlive/2021/texmf-dist/tex/latex/amsfonts/umsa.fd
File: umsa.fd 2013/01/14 v3.01 AMS symbols A
)
LaTeX Font Info:    Trying to load font information for U+msb on input line 18.

(/opt/texlive/2021/texmf-dist/tex/latex/amsfonts/umsb.fd
File: umsb.fd 2013/01/14 v3.01 AMS symbols B
) [1

] [2] [3] [4] [5] [6]
! Missing $ inserted.
<inserted text> 
                $
l.38 
     
I've inserted a begin-math/end-math symbol since I think
you left one out. Proceed, with fingers crossed.

[7] [8]
! Undefined control sequence.
l.42 $ is a dense vector. \details
                                   The reduction variable (here, \c sum ) is...
The control sequence at the end of the top line
of your error message was never \def'ed. If you have
misspelled it (e.g., `\hobx'), type `I' and the correct
spelling (e.g., `I\hbox'). Otherwise just continue,
and I'll forget about whatever was undefined.


LaTeX Warning: Command \c invalid in math mode on input line 42.

! Please use \mathaccent for accents in math mode.
<recently read> \accent 
                        
l.42 ...details The reduction variable (here, \c s
                                                  um ) is of the type \c{lon...
I'm changing \accent to \mathaccent here; wish me luck.
(Accents are not the same in formulas as they are in text.)


LaTeX Warning: Command \c invalid in math mode on input line 42.


LaTeX Warning: Command \c invalid in math mode on input line 42.


LaTeX Warning: Command \c invalid in math mode on input line 42.


LaTeX Warning: Command \c invalid in math mode on input line 42.


LaTeX Warning: Command \c invalid in math mode on input line 42.


LaTeX Warning: Command \c invalid in math mode on input line 42.

! Please use \mathaccent for accents in math mode.
<recently read> \accent 
                        
l.42 ...ble if the compiler is optimized with \c -
                                                  O2 or \c -O3 flags. \param...
I'm changing \accent to \mathaccent here; wish me luck.
(Accents are not the same in formulas as they are in text.)


LaTeX Warning: Command \c invalid in math mode on input line 42.

! Please use \mathaccent for accents in math mode.
<recently read> \accent 
                        
l.42 ... compiler is optimized with \c -O2 or \c -
                                                  O3 flags. \param[in] A_dat...
I'm changing \accent to \mathaccent here; wish me luck.
(Accents are not the same in formulas as they are in text.)

! Undefined control sequence.
l.42 ...imized with \c -O2 or \c -O3 flags. \param
                                                  [in] A_data CSR format dat...
The control sequence at the end of the top line
of your error message was never \def'ed. If you have
misspelled it (e.g., `\hobx'), type `I' and the correct
spelling (e.g., `I\hbox'). Otherwise just continue,
and I'll forget about whatever was undefined.

! Undefined control sequence.
l.42 ...his array is the nnz of the matrix. \param
                                                  [in] A_column_indices CSR ...
The control sequence at the end of the top line
of your error message was never \def'ed. If you have
misspelled it (e.g., `\hobx'), type `I' and the correct
spelling (e.g., `I\hbox'). Otherwise just continue,
and I'll forget about whatever was undefined.

! Undefined control sequence.
l.42 ...his array is the nnz of the matrix. \param
                                                  [in] A_index_pointer CSR f...
The control sequence at the end of the top line
of your error message was never \def'ed. If you have
misspelled it (e.g., `\hobx'), type `I' and the correct
spelling (e.g., `I\hbox'). Otherwise just continue,
and I'll forget about whatever was undefined.


LaTeX Warning: Command \c invalid in math mode on input line 42.

! Undefined control sequence.
l.42 ...t element is the nnz of the matrix. \param
                                                  [in] b Column vector with ...
The control sequence at the end of the top line
of your error message was never \def'ed. If you have
misspelled it (e.g., `\hobx'), type `I' and the correct
spelling (e.g., `I\hbox'). Otherwise just continue,
and I'll forget about whatever was undefined.


LaTeX Warning: Command \c invalid in math mode on input line 42.

! Undefined control sequence.
l.42 ...e of the number of columns of \c A. \param
                                                  [in] num_rows Number of ro...
The control sequence at the end of the top line
of your error message was never \def'ed. If you have
misspelled it (e.g., `\hobx'), type `I' and the correct
spelling (e.g., `I\hbox'). Otherwise just continue,
and I'll forget about whatever was undefined.


LaTeX Warning: Command \c invalid in math mode on input line 42.


LaTeX Warning: Command \c invalid in math mode on input line 42.

! Undefined control sequence.
l.42 ...\c A_index_pointer array minus one. \param
                                                  [out] c Output column vect...
The control sequence at the end of the top line
of your error message was never \def'ed. If you have
misspelled it (e.g., `\hobx'), type `I' and the correct
spelling (e.g., `I\hbox'). Otherwise just continue,
and I'll forget about whatever was undefined.


LaTeX Warning: Command \c invalid in math mode on input line 42.

! Undefined control sequence.
l.42 ... csr matvec plus // =============== \brief
                                                   Computes $
The control sequence at the end of the top line
of your error message was never \def'ed. If you have
misspelled it (e.g., `\hobx'), type `I' and the correct
spelling (e.g., `I\hbox'). Otherwise just continue,
and I'll forget about whatever was undefined.


Overfull \hbox (4093.24197pt too wide) in paragraph at lines 42--44
[]$\OML/cmm/m/it/10 isadensevector:Thereductionvariable\OT1/cmr/m/n/10 (\OML/cm
m/m/it/10 here; []um\OT1/cmr/m/n/10 )\OML/cmm/m/it/10 isofthetype[]:Thisisbecas
ewhen[]ataTypeis[]loat; thesummationlosestheprecision; especiallywhenthevectors
izeislarge:Itseemsthatusing[]isslightlyfasterthanusing[]ouble:Theadvantageofusi
ngatypewithlargerbitsforthereductionvariableisonlysensibleifthecompilerisoptimi
zedwith[]O\OT1/cmr/m/n/10 2\OML/cmm/m/it/10 or[]O\OT1/cmr/m/n/10 3\OML/cmm/m/it
/10 flags:\OT1/cmr/m/n/10 [\OML/cmm/m/it/10 in\OT1/cmr/m/n/10 ]\OML/cmm/m/it/10
 A[]ataCSRformatdataarrayofthesparsematrix:Thelengthofthisarrayisthennzofthemat
rix:\OT1/cmr/m/n/10 [\OML/cmm/m/it/10 in\OT1/cmr/m/n/10 ]\OML/cmm/m/it/10 A[]ol
umn[]ndicesCSRformatcolumnindicesofthesparsematrix:Thelengthofthisarrayisthennz
ofthematrix:\OT1/cmr/m/n/10 [\OML/cmm/m/it/10 in\OT1/cmr/m/n/10 ]\OML/cmm/m/it/
10 A[]ndex[]ointerCSRformatindexpointer:Thelengthofthisarrayisoneplusthenumbero
frowsofthematrix:Also; thefirstelementofthisarrayis[]; andthelastelementisthenn
zofthematrix:\OT1/cmr/m/n/10 [\OML/cmm/m/it/10 in\OT1/cmr/m/n/10 ]\OML/cmm/m/it
/10 bColumnvectorwithsamesizeofthenumberofcolumnsof[]:\OT1/cmr/m/n/10 [\OML/cmm
/m/it/10 in\OT1/cmr/m/n/10 ]\OML/cmm/m/it/10 num[]owsNumberofrowsofthematrix[]:
Thisisessentiallythesizeof[][]ndex[]ointerarrayminusone:\OT1/cmr/m/n/10 [\OML/c
mm/m/it/10 out\OT1/cmr/m/n/10 ]\OML/cmm/m/it/10 cOutputcolumnvectorwiththesames
izeas[]:Thisarrayiswrittenin \OMS/cmsy/m/n/10 ^^@
 []


Overfull \hbox (15.24161pt too wide) in paragraph at lines 42--44
\OML/cmm/m/it/10 place:template < typenameDataType > voidcMatrixOperations < Da
taType >\OT1/cmr/m/n/10 ::
 []


Overfull \hbox (83.89293pt too wide) in paragraph at lines 42--44
\OML/cmm/m/it/10 csr[]atvec\OT1/cmr/m/n/10 (\OML/cmm/m/it/10 constDataType \OMS
/cmsy/m/n/10 ^^C \OML/cmm/m/it/10 A[]ata; constLongIndexType \OMS/cmsy/m/n/10 ^
^C \OML/cmm/m/it/10 A[]olumn[]ndices; constLongIndexType \OMS/cmsy/m/n/10 ^^C
 []


Overfull \hbox (1420.0704pt too wide) in paragraph at lines 42--44
\OML/cmm/m/it/10 c\OT1/cmr/m/n/10 )[]\OML/cmm/m/it/10 == \OT1/cmr/m/n/10 ======
=========
 []

[9] [10] [11] [12] [13] [14] [15] [16] [17] [18] [19] [20] [21] [22] [23] [24] 
[25] [26] [27] [28] [29] [30] [31] [32] [33] [34] [35] [36] [37] [38] [39] [40]
[41] (./_formulas.aux) ) 
Here is how much of TeX's memory you used:
 2120 strings out of 478995
 27850 string characters out of 5861229
 320389 words of memory out of 5000000
 19609 multiletter control sequences out of 15000+600000
 407886 words of font info for 44 fonts, out of 8000000 for 9000
 1141 hyphenation exceptions out of 8191
 83i,6n,88p,1902b,97s stack positions out of 5000i,500n,10000p,200000b,80000s

Output written on _formulas.dvi (41 pages, 7624 bytes).
